C51 COMPILER V9.60.0.0   MAIN                                                              10/13/2020 17:28:32 PAGE 1   


C51 COMPILER V9.60.0.0, COMPILATION OF MODULE MAIN
OBJECT MODULE PLACED IN .\Objects\main.obj
COMPILER INVOKED BY: C:\Keil_v5\C51\BIN\C51.EXE main.c OPTIMIZE(8,SPEED) BROWSE DEBUG OBJECTEXTEND PRINT(.\Listings\main
                    -.lst) TABS(2) OBJECT(.\Objects\main.obj)

line level    source

   1          #include <reg51.h>
   2          #include <intrins.h>
   3          
   4          #define LED P0
   5          sbit LA = P2^2;
   6          sbit LB = P2^3;
   7          sbit LC = P2^4;
   8          
   9          typedef unsigned int uint;
  10          typedef unsigned char uchar;
  11          
  12          uint LED_CODE[8] = {0x0, 0x76, 0x06, 0x40, 0x5b, 0x3f, 0x06, 0x6f}; //0,H,I,-,2,0,1,9
  13          uint SEG_CODE[8][3] = {{1,1,1}, {1,1,0}, {1,0,1}, {1,0,0}, {0,1,1}, {0,1,0}, {0,0,1}, {0,0,0}};
  14          
  15          void delay(uint i)
  16          {
  17   1        while(i-- > 0);
  18   1      }
  19          
  20          void DigDisplay(uint i)
  21          {
  22   1        uint c, temp, CONSIST_TIME; 
  23   1        temp = i;
  24   1        CONSIST_TIME = 15;
  25   1        while(CONSIST_TIME-- > 0)
  26   1        {
  27   2          for(c = 0; c < 8 ; c++)
  28   2          {
  29   3            LC = SEG_CODE[c][0];LB = SEG_CODE[c][1];LA = SEG_CODE[c][2];
  30   3            LED = LED_CODE[temp%8];
  31   3            delay(100);
  32   3            LED = 0x0;
  33   3            temp++;
  34   3          }
  35   2        }
  36   1      }
  37          
  38          void main()
  39          {
  40   1        uint i = 0;
  41   1        while(1)
  42   1        {
  43   2          DigDisplay(i);
  44   2          i++;
  45   2        }
  46   1      }


MODULE INFORMATION:   STATIC OVERLAYABLE
   CODE SIZE        =    159    ----
   CONSTANT SIZE    =   ----    ----
   XDATA SIZE       =   ----    ----
   PDATA SIZE       =   ----    ----
   DATA SIZE        =     64       4
C51 COMPILER V9.60.0.0   MAIN                                                              10/13/2020 17:28:32 PAGE 2   

   IDATA SIZE       =   ----    ----
   BIT SIZE         =   ----    ----
END OF MODULE INFORMATION.


C51 COMPILATION COMPLETE.  0 WARNING(S),  0 ERROR(S)
