C51 COMPILER V9.60.0.0   MAIN                                                              12/20/2020 14:57:20 PAGE 1   


C51 COMPILER V9.60.0.0, COMPILATION OF MODULE MAIN
OBJECT MODULE PLACED IN .\Objects\main.obj
COMPILER INVOKED BY: C:\Keil_v5\C51\BIN\C51.EXE main.c OPTIMIZE(8,SPEED) BROWSE DEBUG OBJECTEXTEND PRINT(.\Listings\main
                    -.lst) TABS(2) OBJECT(.\Objects\main.obj)

line level    source

   1          #include<reg51.h> 
   2          typedef unsigned int uint;
   3          typedef unsigned char uchar;
   4          
   5          #define LED P0
   6          sbit LA = P2^2;
   7          sbit LB = P2^3;
   8          sbit LC = P2^4;
   9          
  10          uchar LED_CODE[11] = {0x3f,0x06,0x5b,0x4f,0x66,0x6d,0x7d,0x07,0x7f,0x6f,0x0};
  11          uint SEG_CODE[8][3] = {{1,1,1}, {1,1,0}, {1,0,1}, {1,0,0}, {0,1,1}, {0,1,0}, {0,0,1}, {0,0,0}};
  12          uchar NUMBERS[8] = {10, 10, 10, 10, 10, 10, 10, 10};
  13          
  14          uchar x = 0;
  15          
  16          void delay(uint c);
  17          void DigDisplay();
  18          
  19          void main()
  20          {
  21   1        uchar temp = 0;
  22   1        TMOD = 0x20;
  23   1        TH1 = 0xf3;
  24   1        TL1 = 0xf3;
  25   1        SCON = 0x50;
  26   1        PCON = 0x80;
  27   1        TR1 = 1;
  28   1        EA = 1;
  29   1        ES = 1;
  30   1        
  31   1        while(1)
  32   1        {
  33   2          DigDisplay();
  34   2        }
  35   1      }
  36          
  37          void delay(uint c)
  38          {
  39   1        while(c-- > 0);
  40   1      }
  41          
  42          void DigDisplay()
  43          {
  44   1        uchar x;
  45   1        for(x = 0; x < 8; x++)
  46   1        {
  47   2          LC = SEG_CODE[x][0];LB = SEG_CODE[x][1];LA = SEG_CODE[x][2];
  48   2          LED = LED_CODE[NUMBERS[x]];
  49   2          delay(100);
  50   2          LED = 0x0;
  51   2        }
  52   1      }
  53          
  54          void Usart() interrupt 4
C51 COMPILER V9.60.0.0   MAIN                                                              12/20/2020 14:57:20 PAGE 2   

  55          {
  56   1        uchar temp;
  57   1        temp = SBUF;
  58   1        RI = 0;
  59   1        
  60   1        NUMBERS[x] = temp - 48;
  61   1        x++;
  62   1        if (x == 8)
  63   1          x = 0;
  64   1      }


MODULE INFORMATION:   STATIC OVERLAYABLE
   CODE SIZE        =    178    ----
   CONSTANT SIZE    =   ----    ----
   XDATA SIZE       =   ----    ----
   PDATA SIZE       =   ----    ----
   DATA SIZE        =     68       1
   IDATA SIZE       =   ----    ----
   BIT SIZE         =   ----    ----
END OF MODULE INFORMATION.


C51 COMPILATION COMPLETE.  0 WARNING(S),  0 ERROR(S)
