Flow report for experiment_10
Fri May 22 15:37:45 2020
Quartus II 64-Bit Version 13.1.0 Build 162 10/23/2013 SJ Full Version


---------------------
; Table of Contents ;
---------------------
  1. Legal Notice
  2. Flow Summary
  3. Flow Settings
  4. Flow Non-Default Global Settings
  5. Flow Elapsed Time
  6. Flow OS Summary
  7. Flow Log
  8. Flow Messages
  9. Flow Suppressed Messages



----------------
; Legal Notice ;
----------------
Copyright (C) 1991-2013 Altera Corporation
Your use of Altera Corporation's design tools, logic functions 
and other software and tools, and its AMPP partner logic 
functions, and any output files from any of the foregoing 
(including device programming or simulation files), and any 
associated documentation or information are expressly subject 
to the terms and conditions of the Altera Program License 
Subscription Agreement, Altera MegaCore Function License 
Agreement, or other applicable license agreement, including, 
without limitation, that your use is for the sole purpose of 
programming logic devices manufactured by Altera and sold by 
Altera or its authorized distributors.  Please refer to the 
applicable agreement for further details.



+----------------------------------------------------------------------------------+
; Flow Summary                                                                     ;
+------------------------------------+---------------------------------------------+
; Flow Status                        ; Successful - Fri May 22 15:37:45 2020       ;
; Quartus II 64-Bit Version          ; 13.1.0 Build 162 10/23/2013 SJ Full Version ;
; Revision Name                      ; experiment_10                               ;
; Top-level Entity Name              ; lab3                                        ;
; Family                             ; Cyclone III                                 ;
; Device                             ; EP3C16Q240C8                                ;
; Timing Models                      ; Final                                       ;
; Total logic elements               ; 14 / 15,408 ( < 1 % )                       ;
;     Total combinational functions  ; 11 / 15,408 ( < 1 % )                       ;
;     Dedicated logic registers      ; 7 / 15,408 ( < 1 % )                        ;
; Total registers                    ; 7                                           ;
; Total pins                         ; 9 / 161 ( 6 % )                             ;
; Total virtual pins                 ; 0                                           ;
; Total memory bits                  ; 0 / 516,096 ( 0 % )                         ;
; Embedded Multiplier 9-bit elements ; 0 / 112 ( 0 % )                             ;
; Total PLLs                         ; 0 / 4 ( 0 % )                               ;
+------------------------------------+---------------------------------------------+


+-----------------------------------------+
; Flow Settings                           ;
+-------------------+---------------------+
; Option            ; Setting             ;
+-------------------+---------------------+
; Start date & time ; 05/22/2020 15:36:34 ;
; Main task         ; Compilation         ;
; Revision Name     ; experiment_10       ;
+-------------------+---------------------+


+------------------------------------------------------------------------------------------------------------------------+
; Flow Non-Default Global Settings                                                                                       ;
+-------------------------------------+-----------------------------------+---------------+-------------+----------------+
; Assignment Name                     ; Value                             ; Default Value ; Entity Name ; Section Id     ;
+-------------------------------------+-----------------------------------+---------------+-------------+----------------+
; COMPILER_SIGNATURE_ID               ; 154027291299228.159013299317992   ; --            ; --          ; --             ;
; EDA_GENERATE_FUNCTIONAL_NETLIST     ; On                                ; --            ; --          ; eda_simulation ;
; EDA_NETLIST_WRITER_OUTPUT_DIR       ; D:/experiment_10/simulation/qsim/ ; --            ; --          ; eda_simulation ;
; EDA_OUTPUT_DATA_FORMAT              ; Verilog Hdl                       ; --            ; --          ; eda_simulation ;
; EDA_SIMULATION_TOOL                 ; ModelSim-Altera (Verilog)         ; <None>        ; --          ; --             ;
; MAX_CORE_JUNCTION_TEMP              ; 85                                ; --            ; --          ; --             ;
; MIN_CORE_JUNCTION_TEMP              ; 0                                 ; --            ; --          ; --             ;
; NOMINAL_CORE_SUPPLY_VOLTAGE         ; 1.2V                              ; --            ; --          ; --             ;
; PARTITION_COLOR                     ; 16764057                          ; --            ; lab3        ; Top            ;
; PARTITION_FITTER_PRESERVATION_LEVEL ; PLACEMENT_AND_ROUTING             ; --            ; lab3        ; Top            ;
; PARTITION_NETLIST_TYPE              ; SOURCE                            ; --            ; lab3        ; Top            ;
; PROJECT_OUTPUT_DIRECTORY            ; output_files                      ; --            ; --          ; --             ;
; TOP_LEVEL_ENTITY                    ; lab3                              ; experiment_10 ; --          ; --             ;
+-------------------------------------+-----------------------------------+---------------+-------------+----------------+


+-------------------------------------------------------------------------------------------------------------------------------+
; Flow Elapsed Time                                                                                                             ;
+---------------------------+--------------+-------------------------+---------------------+------------------------------------+
; Module Name               ; Elapsed Time ; Average Processors Used ; Peak Virtual Memory ; Total CPU Time (on all processors) ;
+---------------------------+--------------+-------------------------+---------------------+------------------------------------+
; Analysis & Synthesis      ; 00:00:02     ; 1.0                     ; 4643 MB             ; 00:00:02                           ;
; Fitter                    ; 00:00:06     ; 1.8                     ; 5363 MB             ; 00:00:07                           ;
; Assembler                 ; 00:00:02     ; 1.0                     ; 4598 MB             ; 00:00:02                           ;
; TimeQuest Timing Analyzer ; 00:00:03     ; 1.0                     ; 4686 MB             ; 00:00:03                           ;
; EDA Netlist Writer        ; 00:00:01     ; 1.0                     ; 4546 MB             ; 00:00:01                           ;
; EDA Netlist Writer        ; 00:00:01     ; 1.0                     ; 4558 MB             ; 00:00:01                           ;
; EDA Netlist Writer        ; 00:00:01     ; 1.0                     ; 4559 MB             ; 00:00:01                           ;
; Total                     ; 00:00:16     ; --                      ; --                  ; 00:00:17                           ;
+---------------------------+--------------+-------------------------+---------------------+------------------------------------+


+----------------------------------------------------------------------------------------+
; Flow OS Summary                                                                        ;
+---------------------------+------------------+-----------+------------+----------------+
; Module Name               ; Machine Hostname ; OS Name   ; OS Version ; Processor type ;
+---------------------------+------------------+-----------+------------+----------------+
; Analysis & Synthesis      ; LAPTOP-K14A0S69  ; Windows 7 ; 6.2        ; x86_64         ;
; Fitter                    ; LAPTOP-K14A0S69  ; Windows 7 ; 6.2        ; x86_64         ;
; Assembler                 ; LAPTOP-K14A0S69  ; Windows 7 ; 6.2        ; x86_64         ;
; TimeQuest Timing Analyzer ; LAPTOP-K14A0S69  ; Windows 7 ; 6.2        ; x86_64         ;
; EDA Netlist Writer        ; LAPTOP-K14A0S69  ; Windows 7 ; 6.2        ; x86_64         ;
; EDA Netlist Writer        ; LAPTOP-K14A0S69  ; Windows 7 ; 6.2        ; x86_64         ;
; EDA Netlist Writer        ; LAPTOP-K14A0S69  ; Windows 7 ; 6.2        ; x86_64         ;
+---------------------------+------------------+-----------+------------+----------------+


------------
; Flow Log ;
------------
quartus_map --read_settings_files=on --write_settings_files=off experiment_10 -c experiment_10
quartus_fit --read_settings_files=off --write_settings_files=off experiment_10 -c experiment_10
quartus_asm --read_settings_files=off --write_settings_files=off experiment_10 -c experiment_10
quartus_sta experiment_10 -c experiment_10
quartus_eda --read_settings_files=off --write_settings_files=off experiment_10 -c experiment_10
quartus_eda --gen_testbench --check_outputs=on --tool=modelsim_oem --format=verilog experiment_10 -c experiment_10 --vector_source=D:/experiment_10/Waveform3.vwf --testbench_file=D:/experiment_10/simulation/qsim/Waveform3.vwf.vt
quartus_eda --functional=on --flatten_buses=off --simulation=on --tool=modelsim_oem --format=verilog --output_directory=D:/experiment_10/simulation/qsim/ experiment_10 -c experiment_10



