C51 COMPILER V9.60.0.0   MAIN                                                              10/13/2020 16:40:13 PAGE 1   


C51 COMPILER V9.60.0.0, COMPILATION OF MODULE MAIN
OBJECT MODULE PLACED IN .\Objects\main.obj
COMPILER INVOKED BY: C:\Keil_v5\C51\BIN\C51.EXE main.c OPTIMIZE(8,SPEED) BROWSE DEBUG OBJECTEXTEND PRINT(.\Listings\main
                    -.lst) TABS(2) OBJECT(.\Objects\main.obj)

line level    source

   1          #include <reg51.h>
   2          #include <intrins.h>
   3          
   4          #define LED P0
   5          sbit LA = P2^2;
   6          sbit LB = P2^3;
   7          sbit LC = P2^4;
   8          sbit X = P2^1;
   9          typedef unsigned int uint;
  10          typedef unsigned char uchar;
  11          
  12          // 数码管码表
  13          uint LED_CODE[10] = {0x3f,0x06,0x5b,0x4f,0x66,0x6d,0x7d,0x07,0x7f,0x6f};
  14          
  15          // 延时函数
  16          void delay(uint i)
  17          {
  18   1        while(i-- > 0);
  19   1      }
  20          
  21          void main()
  22          {
  23   1        uint i, x;
  24   1        while(1)
  25   1        {
  26   2          for(i = 0; i < 8; i++)
  27   2          {
  28   3            switch(i)
  29   3            {
  30   4              case 0:
  31   4                LA = 0; LB = 0; LC = 0;LED = LED_CODE[8];break;
  32   4              case 1:
  33   4                LA = 1; LB = 0; LC = 0;LED = LED_CODE[5];break;
  34   4              case 2:
  35   4                LA = 0; LB = 1; LC = 0;LED = LED_CODE[2];break;
  36   4              case 3:
  37   4                LA = 1; LB = 1; LC = 0;LED = LED_CODE[0];break;
  38   4              case 4:
  39   4                LA = 0; LB = 0; LC = 1;LED = LED_CODE[1];break;
  40   4              case 5:
  41   4                LA = 1; LB = 0; LC = 1;LED = LED_CODE[2];break;
  42   4              case 6:
  43   4                LA = 0; LB = 1; LC = 1;LED = LED_CODE[9];break;
  44   4              case 7:   
  45   4                LA = 1; LB = 1; LC = 1;LED = LED_CODE[1];break;
  46   4            }
  47   3            delay(5);
  48   3            LED = 0x0;
  49   3          }
  50   2        }
  51   1      }
*** WARNING C280 IN LINE 23 OF main.c: 'x': unreferenced local variable


C51 COMPILER V9.60.0.0   MAIN                                                              10/13/2020 16:40:13 PAGE 2   

MODULE INFORMATION:   STATIC OVERLAYABLE
   CODE SIZE        =    164    ----
   CONSTANT SIZE    =   ----    ----
   XDATA SIZE       =   ----    ----
   PDATA SIZE       =   ----    ----
   DATA SIZE        =     20       2
   IDATA SIZE       =   ----    ----
   BIT SIZE         =   ----    ----
END OF MODULE INFORMATION.


C51 COMPILATION COMPLETE.  1 WARNING(S),  0 ERROR(S)
