C51 COMPILER V9.56.0.0   MAIN                                                              10/14/2020 16:33:11 PAGE 1   


C51 COMPILER V9.56.0.0, COMPILATION OF MODULE MAIN
OBJECT MODULE PLACED IN .\Objects\main.obj
COMPILER INVOKED BY: C:\Keil_v5\C51\BIN\C51.EXE main.c OPTIMIZE(8,SPEED) BROWSE DEBUG OBJECTEXTEND PRINT(.\Listings\main
                    -.lst) TABS(2) OBJECT(.\Objects\main.obj)

line level    source

   1          #include <reg51.h>
   2          #include <intrins.h>
   3          
   4          typedef unsigned int uint;
   5          typedef unsigned char uchar;
   6          
   7          #define LED P0
   8          sbit LA = P2^2;
   9          sbit LB = P2^3;
  10          sbit LC = P2^4;
  11          
  12          sbit K1 = P3^1;
  13          sbit K2 = P3^0;
  14          
  15          uint LED_CODE[10] = {0x3f,0x06,0x5b,0x4f,0x66,0x6d,0x7d,0x07,0x7f,0x6f};
  16          uint PRESSED_TIMES = 0;
  17          
  18          void delay_10ms(uint i)
  19          // Function:Deay 10*i ms
  20          {
  21   1        uchar a, b;
  22   1        for (;i>0;i--)
  23   1        {
  24   2          for (b=38;b>0;b--)
  25   2          {
  26   3            for (a=130;a>0;a--);
  27   3          }         
  28   2        }     
  29   1      }
  30          
  31          void get_KeyValue()
  32          // Function:Find the pressed key's number
  33          {
  34   1        if(K1 == 0)
  35   1        {
  36   2          delay_10ms(1);
  37   2          if (K1 == 0)
  38   2          {
  39   3            PRESSED_TIMES++;
  40   3            while(!K1);
  41   3          }
  42   2        }
  43   1        
  44   1        if(K2 == 0)
  45   1        {
  46   2          delay_10ms(1);
  47   2          if (K2 == 0)
  48   2          {
  49   3            PRESSED_TIMES = 0;
  50   3            while(!K2);
  51   3          }
  52   2        }
  53   1      }
  54          
C51 COMPILER V9.56.0.0   MAIN                                                              10/14/2020 16:33:11 PAGE 2   

  55          void main()
  56          {
  57   1        LA = 0; LB = 0; LC = 0;
  58   1        while(1)
  59   1        {
  60   2          get_KeyValue();
  61   2          LED = LED_CODE[PRESSED_TIMES % 10];
  62   2          //LED = 0xff;
  63   2          delay_10ms(1);
  64   2        }
  65   1      }
  66            


MODULE INFORMATION:   STATIC OVERLAYABLE
   CODE SIZE        =    102    ----
   CONSTANT SIZE    =   ----    ----
   XDATA SIZE       =   ----    ----
   PDATA SIZE       =   ----    ----
   DATA SIZE        =     22    ----
   IDATA SIZE       =   ----    ----
   BIT SIZE         =   ----    ----
END OF MODULE INFORMATION.


C51 COMPILATION COMPLETE.  0 WARNING(S),  0 ERROR(S)
