C51 COMPILER V9.60.0.0   MAIN                                                              12/16/2020 17:08:57 PAGE 1   


C51 COMPILER V9.60.0.0, COMPILATION OF MODULE MAIN
OBJECT MODULE PLACED IN .\Objects\main.obj
COMPILER INVOKED BY: C:\Keil_v5\C51\BIN\C51.EXE main.c OPTIMIZE(8,SPEED) BROWSE DEBUG OBJECTEXTEND PRINT(.\Listings\main
                    -.lst) TABS(2) OBJECT(.\Objects\main.obj)

line level    source

   1          #include <reg51.h>
   2          typedef unsigned int uint;
   3          typedef unsigned char uchar;
   4          
   5          sbit beep = P1^5;
   6          uchar flag = 0;
   7          uchar temp;
   8          
   9          void delay_1ms(uint c)
  10          {
  11   1        uchar a, b;
  12   1        for (; c > 0; c --)
  13   1           for (b = 199; b > 0; b--)
  14   1              for(a = 1; a > 0; a--);
  15   1      }
  16          
  17          void main()
  18          {
  19   1        TMOD = 0x20;
  20   1        TH1 = 0xf3;
  21   1        TH1 = 0xf3;
  22   1        SCON = 0x50;
  23   1        PCON = 0x80;
  24   1        
  25   1        EA = 1;
  26   1        ES = 1;
  27   1        TR1 = 1;
  28   1        
  29   1        while(1)
  30   1        {
  31   2          if (flag == 1)
  32   2          {
  33   3            beep = ~beep;
  34   3            delay_1ms(1);
  35   3          }
  36   2        }
  37   1      }
  38          
  39          void timer1_int() interrupt 4
  40          {
  41   1        temp = SBUF;
  42   1        RI = 0;
  43   1        
  44   1        if (temp == '0')
  45   1          flag = 0;
  46   1        if (temp == '1')
  47   1          flag = 1;
  48   1        
  49   1        SBUF = temp;
  50   1        while(!TI);
  51   1        TI = 0;
  52   1      }


C51 COMPILER V9.60.0.0   MAIN                                                              12/16/2020 17:08:57 PAGE 2   

MODULE INFORMATION:   STATIC OVERLAYABLE
   CODE SIZE        =    122    ----
   CONSTANT SIZE    =   ----    ----
   XDATA SIZE       =   ----    ----
   PDATA SIZE       =   ----    ----
   DATA SIZE        =      2    ----
   IDATA SIZE       =   ----    ----
   BIT SIZE         =   ----    ----
END OF MODULE INFORMATION.


C51 COMPILATION COMPLETE.  0 WARNING(S),  0 ERROR(S)
