C51 COMPILER V9.60.0.0   MAIN                                                              11/18/2020 16:20:03 PAGE 1   


C51 COMPILER V9.60.0.0, COMPILATION OF MODULE MAIN
OBJECT MODULE PLACED IN .\Objects\main.obj
COMPILER INVOKED BY: C:\Keil_v5\C51\BIN\C51.EXE main.c OPTIMIZE(8,SPEED) BROWSE DEBUG OBJECTEXTEND PRINT(.\Listings\main
                    -.lst) TABS(2) OBJECT(.\Objects\main.obj)

line level    source

   1          #include <reg51.h>
   2          #include <intrins.h>
   3          
   4          typedef unsigned int uint;
   5          typedef unsigned char uchar;
   6          
   7          sbit BUZZER = P1^5;
   8          uint count = 0;
   9          uint T = 10000;
  10          
  11          void main()
  12          {
  13   1        TMOD = 0x12;
  14   1        TR0 = 1;
  15   1        
  16   1        EA = 1;
  17   1        ET0 = 1;
  18   1        TR0 = 1;
  19   1        
  20   1        TH0 = 0x9c;
  21   1        TL0 = 0x9c;
  22   1        while(1);
  23   1      }
  24          
  25          void timer0_int() interrupt 1
  26          {
  27   1        if (count < T)
  28   1        {
  29   2          BUZZER = ~BUZZER;
  30   2          count++;
  31   2        }
  32   1        else if (count >= T && count < 2*T)
  33   1          count++;
  34   1        else
  35   1          count = 0;
  36   1      }


MODULE INFORMATION:   STATIC OVERLAYABLE
   CODE SIZE        =    107    ----
   CONSTANT SIZE    =   ----    ----
   XDATA SIZE       =   ----    ----
   PDATA SIZE       =   ----    ----
   DATA SIZE        =      4    ----
   IDATA SIZE       =   ----    ----
   BIT SIZE         =   ----    ----
END OF MODULE INFORMATION.


C51 COMPILATION COMPLETE.  0 WARNING(S),  0 ERROR(S)
