C51 COMPILER V9.57.0.0   LCD                                                               12/21/2020 22:10:57 PAGE 1   


C51 COMPILER V9.57.0.0, COMPILATION OF MODULE LCD
OBJECT MODULE PLACED IN lcd.OBJ
COMPILER INVOKED BY: D:\Keil\C51\BIN\C51.EXE lcd.c OPTIMIZE(8,SPEED) BROWSE INCDIR(..\智能控制1) DEBUG OBJECTEXTEND TABS
                    -(2)

line level    source

   1          #include"lcd.h"
   2          sbit t = P2^0;
   3          /*******************************************************************************
   4          * 函 数 名         : Lcd1602_Delay1ms
   5          * 函数功能       : 延时函数，延时1ms
   6          * 输    入         : c
   7          * 输    出         : 无
   8          * 说    名         : 该函数是在12MHZ晶振下，12分频单片机的延时。
   9          *******************************************************************************/
  10          
  11          void Lcd1602_Delay1ms(uint c)   //误差 0us
  12          {
  13   1          uchar a,b;
  14   1        for (; c>0; c--)
  15   1        {
  16   2           for (b=199;b>0;b--)
  17   2           {
  18   3              for(a=1;a>0;a--);
  19   3           }      
  20   2        }
  21   1            
  22   1      }
  23          
  24          /*******************************************************************************
  25          * 函 数 名         : LcdWriteCom
  26          * 函数功能       : 向LCD写入一个字节的命令
  27          * 输    入         : com
  28          * 输    出         : 无
  29          *******************************************************************************/
  30          void LcdWriteCom(uchar com)   //写入命令
  31          {
  32   1        LCD1602_E = 0;     //使能
  33   1        LCD1602_RS = 0;    //选择发送命令
  34   1        LCD1602_RW = 0;    //选择写入
  35   1        
  36   1        LCD1602_DATAPINS = com;     //放入命令
  37   1        Lcd1602_Delay1ms(1);    //等待数据稳定
  38   1      
  39   1        LCD1602_E = 1;            //写入时序
  40   1        Lcd1602_Delay1ms(5);    //保持时间
  41   1        LCD1602_E = 0;
  42   1      }
  43          
  44          /*******************************************************************************
  45          * 函 数 名         : LcdWriteData
  46          * 函数功能       : 向LCD写入一个字节的数据
  47          * 输    入         : dat
  48          * 输    出         : 无
  49          *******************************************************************************/
  50          void LcdWriteData(uchar dat)      //写入数据
  51          {
  52   1        LCD1602_E = 0;  //使能清零
  53   1        LCD1602_RS = 1; //选择输入数据
  54   1        LCD1602_RW = 0; //选择写入
C51 COMPILER V9.57.0.0   LCD                                                               12/21/2020 22:10:57 PAGE 2   

  55   1      
  56   1        LCD1602_DATAPINS = dat; //写入数据
  57   1        Lcd1602_Delay1ms(1);
  58   1      
  59   1        LCD1602_E = 1;   //写入时序
  60   1        Lcd1602_Delay1ms(5);   //保持时间
  61   1        LCD1602_E = 0;
  62   1      }
  63          
  64          /*******************************************************************************
  65          * 函 数 名       : LcdInit()
  66          * 函数功能     : 初始化LCD屏
  67          * 输    入       : 无
  68          * 输    出       : 无
  69          *******************************************************************************/       
  70          void LcdInit()              //LCD初始化子程序
  71          {
  72   1        LcdWriteCom(0x38);  //开显示
  73   1        LcdWriteCom(0x0c);  //开显示不显示光标
  74   1        LcdWriteCom(0x06);  //写一个指针加1
  75   1        LcdWriteCom(0x01);  //清屏
  76   1        LcdWriteCom(0x80);  //设置数据指针起点
  77   1        LcdWriteData('T');
  78   1        LcdWriteData(':');
  79   1      }


MODULE INFORMATION:   STATIC OVERLAYABLE
   CODE SIZE        =     97    ----
   CONSTANT SIZE    =   ----    ----
   XDATA SIZE       =   ----    ----
   PDATA SIZE       =   ----    ----
   DATA SIZE        =   ----    ----
   IDATA SIZE       =   ----    ----
   BIT SIZE         =   ----    ----
END OF MODULE INFORMATION.


C51 COMPILATION COMPLETE.  0 WARNING(S),  0 ERROR(S)
