C51 COMPILER V9.56.0.0   MAIN                                                              12/09/2020 15:51:47 PAGE 1   


C51 COMPILER V9.56.0.0, COMPILATION OF MODULE MAIN
OBJECT MODULE PLACED IN .\Objects\main.obj
COMPILER INVOKED BY: C:\Keil_v5\C51\BIN\C51.EXE main.c OPTIMIZE(8,SPEED) BROWSE DEBUG OBJECTEXTEND PRINT(.\Listings\main
                    -.lst) TABS(2) OBJECT(.\Objects\main.obj)

line level    source

   1          #include <reg51.h>
   2          
   3          typedef unsigned int uint;
   4          typedef unsigned char uchar;
   5          
   6          uchar temp = 0;
   7          
   8          void main()
   9          {
  10   1        TMOD = 0x20;
  11   1        TH1 = 0xfd;
  12   1        TH1 = 0xfd;
  13   1        SCON = 0x50;
  14   1        PCON = 0x00;
  15   1        TR1 = 1;
  16   1        P1 = 0xff;
  17   1        
  18   1        EA = 1;
  19   1        ET1 = 1;
  20   1        while(1);
  21   1      }
  22          
  23          void timer1_int() interrupt 4
  24          {
  25   1        RI = 0;
  26   1        temp = SBUF;
  27   1        P1 = temp;
  28   1      }


MODULE INFORMATION:   STATIC OVERLAYABLE
   CODE SIZE        =     35    ----
   CONSTANT SIZE    =   ----    ----
   XDATA SIZE       =   ----    ----
   PDATA SIZE       =   ----    ----
   DATA SIZE        =      1    ----
   IDATA SIZE       =   ----    ----
   BIT SIZE         =   ----    ----
END OF MODULE INFORMATION.


C51 COMPILATION COMPLETE.  0 WARNING(S),  0 ERROR(S)
