Analysis & Synthesis report for experiment_16
Mon Jun 15 17:39:51 2020
Quartus II 64-Bit Version 13.1.0 Build 162 10/23/2013 SJ Full Version


---------------------
; Table of Contents ;
---------------------
  1. Legal Notice
  2. Analysis & Synthesis Summary
  3. Analysis & Synthesis Settings
  4. Parallel Compilation
  5. Analysis & Synthesis Source Files Read
  6. Analysis & Synthesis Resource Usage Summary
  7. Analysis & Synthesis Resource Utilization by Entity
  8. Logic Cells Representing Combinational Loops
  9. General Register Statistics
 10. Parameter Settings for User Entity Instance: Buzzer_Clock:inst|7485:inst
 11. Parameter Settings for User Entity Instance: Buzzer_Clock:inst|7485:inst3
 12. Parameter Settings for User Entity Instance: Buzzer_Clock:inst|7485:inst2
 13. Parameter Settings for User Entity Instance: Buzzer_Clock:inst|7485:inst4
 14. Parameter Settings for User Entity Instance: Buzzer_Clock:inst|7485:inst5
 15. Parameter Settings for User Entity Instance: Buzzer_Clock:inst|7485:inst6
 16. Elapsed Time Per Partition
 17. Analysis & Synthesis Messages



----------------
; Legal Notice ;
----------------
Copyright (C) 1991-2013 Altera Corporation
Your use of Altera Corporation's design tools, logic functions 
and other software and tools, and its AMPP partner logic 
functions, and any output files from any of the foregoing 
(including device programming or simulation files), and any 
associated documentation or information are expressly subject 
to the terms and conditions of the Altera Program License 
Subscription Agreement, Altera MegaCore Function License 
Agreement, or other applicable license agreement, including, 
without limitation, that your use is for the sole purpose of 
programming logic devices manufactured by Altera and sold by 
Altera or its authorized distributors.  Please refer to the 
applicable agreement for further details.



+----------------------------------------------------------------------------------+
; Analysis & Synthesis Summary                                                     ;
+------------------------------------+---------------------------------------------+
; Analysis & Synthesis Status        ; Successful - Mon Jun 15 17:39:51 2020       ;
; Quartus II 64-Bit Version          ; 13.1.0 Build 162 10/23/2013 SJ Full Version ;
; Revision Name                      ; experiment_16                               ;
; Top-level Entity Name              ; Buzzer_Clock_Simulation                     ;
; Family                             ; Cyclone III                                 ;
; Total logic elements               ; 49                                          ;
;     Total combinational functions  ; 49                                          ;
;     Dedicated logic registers      ; 24                                          ;
; Total registers                    ; 24                                          ;
; Total pins                         ; 27                                          ;
; Total virtual pins                 ; 0                                           ;
; Total memory bits                  ; 0                                           ;
; Embedded Multiplier 9-bit elements ; 0                                           ;
; Total PLLs                         ; 0                                           ;
+------------------------------------+---------------------------------------------+


+---------------------------------------------------------------------------------------------------------------------------+
; Analysis & Synthesis Settings                                                                                             ;
+----------------------------------------------------------------------------+-------------------------+--------------------+
; Option                                                                     ; Setting                 ; Default Value      ;
+----------------------------------------------------------------------------+-------------------------+--------------------+
; Device                                                                     ; EP3C16Q240C8            ;                    ;
; Top-level entity name                                                      ; Buzzer_Clock_Simulation ; experiment_16      ;
; Family name                                                                ; Cyclone III             ; Cyclone IV GX      ;
; Use smart compilation                                                      ; Off                     ; Off                ;
; Enable parallel Assembler and TimeQuest Timing Analyzer during compilation ; On                      ; On                 ;
; Enable compact report table                                                ; Off                     ; Off                ;
; Restructure Multiplexers                                                   ; Auto                    ; Auto               ;
; Create Debugging Nodes for IP Cores                                        ; Off                     ; Off                ;
; Preserve fewer node names                                                  ; On                      ; On                 ;
; Disable OpenCore Plus hardware evaluation                                  ; Off                     ; Off                ;
; Verilog Version                                                            ; Verilog_2001            ; Verilog_2001       ;
; VHDL Version                                                               ; VHDL_1993               ; VHDL_1993          ;
; State Machine Processing                                                   ; Auto                    ; Auto               ;
; Safe State Machine                                                         ; Off                     ; Off                ;
; Extract Verilog State Machines                                             ; On                      ; On                 ;
; Extract VHDL State Machines                                                ; On                      ; On                 ;
; Ignore Verilog initial constructs                                          ; Off                     ; Off                ;
; Iteration limit for constant Verilog loops                                 ; 5000                    ; 5000               ;
; Iteration limit for non-constant Verilog loops                             ; 250                     ; 250                ;
; Add Pass-Through Logic to Inferred RAMs                                    ; On                      ; On                 ;
; Infer RAMs from Raw Logic                                                  ; On                      ; On                 ;
; Parallel Synthesis                                                         ; On                      ; On                 ;
; DSP Block Balancing                                                        ; Auto                    ; Auto               ;
; NOT Gate Push-Back                                                         ; On                      ; On                 ;
; Power-Up Don't Care                                                        ; On                      ; On                 ;
; Remove Redundant Logic Cells                                               ; Off                     ; Off                ;
; Remove Duplicate Registers                                                 ; On                      ; On                 ;
; Ignore CARRY Buffers                                                       ; Off                     ; Off                ;
; Ignore CASCADE Buffers                                                     ; Off                     ; Off                ;
; Ignore GLOBAL Buffers                                                      ; Off                     ; Off                ;
; Ignore ROW GLOBAL Buffers                                                  ; Off                     ; Off                ;
; Ignore LCELL Buffers                                                       ; Off                     ; Off                ;
; Ignore SOFT Buffers                                                        ; On                      ; On                 ;
; Limit AHDL Integers to 32 Bits                                             ; Off                     ; Off                ;
; Optimization Technique                                                     ; Balanced                ; Balanced           ;
; Carry Chain Length                                                         ; 70                      ; 70                 ;
; Auto Carry Chains                                                          ; On                      ; On                 ;
; Auto Open-Drain Pins                                                       ; On                      ; On                 ;
; Perform WYSIWYG Primitive Resynthesis                                      ; Off                     ; Off                ;
; Auto ROM Replacement                                                       ; On                      ; On                 ;
; Auto RAM Replacement                                                       ; On                      ; On                 ;
; Auto DSP Block Replacement                                                 ; On                      ; On                 ;
; Auto Shift Register Replacement                                            ; Auto                    ; Auto               ;
; Allow Shift Register Merging across Hierarchies                            ; Auto                    ; Auto               ;
; Auto Clock Enable Replacement                                              ; On                      ; On                 ;
; Strict RAM Replacement                                                     ; Off                     ; Off                ;
; Allow Synchronous Control Signals                                          ; On                      ; On                 ;
; Force Use of Synchronous Clear Signals                                     ; Off                     ; Off                ;
; Auto RAM Block Balancing                                                   ; On                      ; On                 ;
; Auto RAM to Logic Cell Conversion                                          ; Off                     ; Off                ;
; Auto Resource Sharing                                                      ; Off                     ; Off                ;
; Allow Any RAM Size For Recognition                                         ; Off                     ; Off                ;
; Allow Any ROM Size For Recognition                                         ; Off                     ; Off                ;
; Allow Any Shift Register Size For Recognition                              ; Off                     ; Off                ;
; Use LogicLock Constraints during Resource Balancing                        ; On                      ; On                 ;
; Ignore translate_off and synthesis_off directives                          ; Off                     ; Off                ;
; Timing-Driven Synthesis                                                    ; On                      ; On                 ;
; Report Parameter Settings                                                  ; On                      ; On                 ;
; Report Source Assignments                                                  ; On                      ; On                 ;
; Report Connectivity Checks                                                 ; On                      ; On                 ;
; Ignore Maximum Fan-Out Assignments                                         ; Off                     ; Off                ;
; Synchronization Register Chain Length                                      ; 2                       ; 2                  ;
; PowerPlay Power Optimization                                               ; Normal compilation      ; Normal compilation ;
; HDL message level                                                          ; Level2                  ; Level2             ;
; Suppress Register Optimization Related Messages                            ; Off                     ; Off                ;
; Number of Removed Registers Reported in Synthesis Report                   ; 5000                    ; 5000               ;
; Number of Swept Nodes Reported in Synthesis Report                         ; 5000                    ; 5000               ;
; Number of Inverted Registers Reported in Synthesis Report                  ; 100                     ; 100                ;
; Clock MUX Protection                                                       ; On                      ; On                 ;
; Auto Gated Clock Conversion                                                ; Off                     ; Off                ;
; Block Design Naming                                                        ; Auto                    ; Auto               ;
; SDC constraint protection                                                  ; Off                     ; Off                ;
; Synthesis Effort                                                           ; Auto                    ; Auto               ;
; Shift Register Replacement - Allow Asynchronous Clear Signal               ; On                      ; On                 ;
; Pre-Mapping Resynthesis Optimization                                       ; Off                     ; Off                ;
; Analysis & Synthesis Message Level                                         ; Medium                  ; Medium             ;
; Disable Register Merging Across Hierarchies                                ; Auto                    ; Auto               ;
; Resource Aware Inference For Block RAM                                     ; On                      ; On                 ;
; Synthesis Seed                                                             ; 1                       ; 1                  ;
+----------------------------------------------------------------------------+-------------------------+--------------------+


+------------------------------------------+
; Parallel Compilation                     ;
+----------------------------+-------------+
; Processors                 ; Number      ;
+----------------------------+-------------+
; Number detected on machine ; 8           ;
; Maximum allowed            ; 4           ;
;                            ;             ;
; Average used               ; 1.00        ;
; Maximum used               ; 4           ;
;                            ;             ;
; Usage by Processor         ; % Time Used ;
;     Processor 1            ; 100.0%      ;
;     Processors 2-4         ; < 0.1%      ;
;     Processors 5-8         ;   0.0%      ;
+----------------------------+-------------+


+----------------------------------------------------------------------------------------------------------------------------------------------------------------+
; Analysis & Synthesis Source Files Read                                                                                                                         ;
+----------------------------------+-----------------+------------------------------------+------------------------------------------------------------+---------+
; File Name with User-Entered Path ; Used in Netlist ; File Type                          ; File Name with Absolute Path                               ; Library ;
+----------------------------------+-----------------+------------------------------------+------------------------------------------------------------+---------+
; RS_Latch.bdf                     ; yes             ; User Block Diagram/Schematic File  ; D:/experiment_16/RS_Latch.bdf                              ;         ;
; Count_Second.bdf                 ; yes             ; User Block Diagram/Schematic File  ; D:/experiment_16/Count_Second.bdf                          ;         ;
; Count_Minite.bdf                 ; yes             ; User Block Diagram/Schematic File  ; D:/experiment_16/Count_Minite.bdf                          ;         ;
; Count_Hour.bdf                   ; yes             ; User Block Diagram/Schematic File  ; D:/experiment_16/Count_Hour.bdf                            ;         ;
; Timing_Module.bdf                ; yes             ; User Block Diagram/Schematic File  ; D:/experiment_16/Timing_Module.bdf                         ;         ;
; Buzzer_Clock.bdf                 ; yes             ; User Block Diagram/Schematic File  ; D:/experiment_16/Buzzer_Clock.bdf                          ;         ;
; Buzzer_Clock_Simulation.bdf      ; yes             ; User Block Diagram/Schematic File  ; D:/experiment_16/Buzzer_Clock_Simulation.bdf               ;         ;
; 7485.tdf                         ; yes             ; Megafunction                       ; c:/altera/13.1/quartus/libraries/others/maxplus2/7485.tdf  ;         ;
; aglobal.inc                      ; yes             ; Megafunction                       ; c:/altera/13.1/quartus/libraries/megafunctions/aglobal.inc ;         ;
; f7485.bdf                        ; yes             ; Megafunction                       ; c:/altera/13.1/quartus/libraries/others/maxplus2/f7485.bdf ;         ;
; 74390.bdf                        ; yes             ; Megafunction                       ; c:/altera/13.1/quartus/libraries/others/maxplus2/74390.bdf ;         ;
+----------------------------------+-----------------+------------------------------------+------------------------------------------------------------+---------+


+------------------------------------------------------------------------------------------------------------+
; Analysis & Synthesis Resource Usage Summary                                                                ;
+---------------------------------------------+--------------------------------------------------------------+
; Resource                                    ; Usage                                                        ;
+---------------------------------------------+--------------------------------------------------------------+
; Estimated Total logic elements              ; 49                                                           ;
;                                             ;                                                              ;
; Total combinational functions               ; 49                                                           ;
; Logic element usage by number of LUT inputs ;                                                              ;
;     -- 4 input functions                    ; 19                                                           ;
;     -- 3 input functions                    ; 6                                                            ;
;     -- <=2 input functions                  ; 24                                                           ;
;                                             ;                                                              ;
; Logic elements by mode                      ;                                                              ;
;     -- normal mode                          ; 49                                                           ;
;     -- arithmetic mode                      ; 0                                                            ;
;                                             ;                                                              ;
; Total registers                             ; 24                                                           ;
;     -- Dedicated logic registers            ; 24                                                           ;
;     -- I/O registers                        ; 0                                                            ;
;                                             ;                                                              ;
; I/O pins                                    ; 27                                                           ;
; Embedded Multiplier 9-bit elements          ; 0                                                            ;
; Maximum fan-out node                        ; Timing_Module:inst1|Count_Second:inst|RS_Latch:inst6|inst1~1 ;
; Maximum fan-out                             ; 11                                                           ;
; Total fan-out                               ; 224                                                          ;
; Average fan-out                             ; 1.76                                                         ;
+---------------------------------------------+--------------------------------------------------------------+


+----------------------------------------------------------------------------------------------------------------------------------------------------------------------------------------------------------------------------------------+
; Analysis & Synthesis Resource Utilization by Entity                                                                                                                                                                                    ;
+----------------------------+-------------------+--------------+-------------+--------------+---------+-----------+------+--------------+--------------------------------------------------------------------------------+--------------+
; Compilation Hierarchy Node ; LC Combinationals ; LC Registers ; Memory Bits ; DSP Elements ; DSP 9x9 ; DSP 18x18 ; Pins ; Virtual Pins ; Full Hierarchy Name                                                            ; Library Name ;
+----------------------------+-------------------+--------------+-------------+--------------+---------+-----------+------+--------------+--------------------------------------------------------------------------------+--------------+
; |Buzzer_Clock_Simulation   ; 49 (0)            ; 24 (0)       ; 0           ; 0            ; 0       ; 0         ; 27   ; 0            ; |Buzzer_Clock_Simulation                                                       ; work         ;
;    |Buzzer_Clock:inst|     ; 16 (16)           ; 0 (0)        ; 0           ; 0            ; 0       ; 0         ; 0    ; 0            ; |Buzzer_Clock_Simulation|Buzzer_Clock:inst                                     ; work         ;
;    |Timing_Module:inst1|   ; 33 (0)            ; 24 (0)       ; 0           ; 0            ; 0       ; 0         ; 0    ; 0            ; |Buzzer_Clock_Simulation|Timing_Module:inst1                                   ; work         ;
;       |Count_Hour:inst2|   ; 11 (0)            ; 8 (0)        ; 0           ; 0            ; 0       ; 0         ; 0    ; 0            ; |Buzzer_Clock_Simulation|Timing_Module:inst1|Count_Hour:inst2                  ; work         ;
;          |74390:inst|      ; 10 (10)           ; 8 (8)        ; 0           ; 0            ; 0       ; 0         ; 0    ; 0            ; |Buzzer_Clock_Simulation|Timing_Module:inst1|Count_Hour:inst2|74390:inst       ; work         ;
;          |RS_Latch:inst6|  ; 1 (1)             ; 0 (0)        ; 0           ; 0            ; 0       ; 0         ; 0    ; 0            ; |Buzzer_Clock_Simulation|Timing_Module:inst1|Count_Hour:inst2|RS_Latch:inst6   ; work         ;
;       |Count_Minite:inst3| ; 11 (0)            ; 8 (0)        ; 0           ; 0            ; 0       ; 0         ; 0    ; 0            ; |Buzzer_Clock_Simulation|Timing_Module:inst1|Count_Minite:inst3                ; work         ;
;          |74390:inst|      ; 10 (10)           ; 8 (8)        ; 0           ; 0            ; 0       ; 0         ; 0    ; 0            ; |Buzzer_Clock_Simulation|Timing_Module:inst1|Count_Minite:inst3|74390:inst     ; work         ;
;          |RS_Latch:inst6|  ; 1 (1)             ; 0 (0)        ; 0           ; 0            ; 0       ; 0         ; 0    ; 0            ; |Buzzer_Clock_Simulation|Timing_Module:inst1|Count_Minite:inst3|RS_Latch:inst6 ; work         ;
;       |Count_Second:inst|  ; 11 (0)            ; 8 (0)        ; 0           ; 0            ; 0       ; 0         ; 0    ; 0            ; |Buzzer_Clock_Simulation|Timing_Module:inst1|Count_Second:inst                 ; work         ;
;          |74390:inst|      ; 10 (10)           ; 8 (8)        ; 0           ; 0            ; 0       ; 0         ; 0    ; 0            ; |Buzzer_Clock_Simulation|Timing_Module:inst1|Count_Second:inst|74390:inst      ; work         ;
;          |RS_Latch:inst6|  ; 1 (1)             ; 0 (0)        ; 0           ; 0            ; 0       ; 0         ; 0    ; 0            ; |Buzzer_Clock_Simulation|Timing_Module:inst1|Count_Second:inst|RS_Latch:inst6  ; work         ;
+----------------------------+-------------------+--------------+-------------+--------------+---------+-----------+------+--------------+--------------------------------------------------------------------------------+--------------+
Note: For table entries with two numbers listed, the numbers in parentheses indicate the number of resources of the given type used by the specific entity alone. The numbers listed outside of parentheses indicate the total resources of the given type used by the specific entity and all of its sub-entities in the hierarchy.


+-------------------------------------------------------------------+
; Logic Cells Representing Combinational Loops                      ;
+---------------------------------------------------------------+---+
; Logic Cell Name                                               ;   ;
+---------------------------------------------------------------+---+
; Timing_Module:inst1|Count_Second:inst|RS_Latch:inst6|inst1~0  ;   ;
; Timing_Module:inst1|Count_Minite:inst3|RS_Latch:inst6|inst1~0 ;   ;
; Timing_Module:inst1|Count_Hour:inst2|RS_Latch:inst6|inst1~0   ;   ;
; Number of logic cells representing combinational loops        ; 3 ;
+---------------------------------------------------------------+---+
Note: All cells listed above may not be present at the end of synthesis due to various synthesis optimizations.


+------------------------------------------------------+
; General Register Statistics                          ;
+----------------------------------------------+-------+
; Statistic                                    ; Value ;
+----------------------------------------------+-------+
; Total registers                              ; 24    ;
; Number of registers using Synchronous Clear  ; 0     ;
; Number of registers using Synchronous Load   ; 0     ;
; Number of registers using Asynchronous Clear ; 24    ;
; Number of registers using Asynchronous Load  ; 0     ;
; Number of registers using Clock Enable       ; 0     ;
; Number of registers using Preset             ; 0     ;
+----------------------------------------------+-------+


+--------------------------------------------------------------------------+
; Parameter Settings for User Entity Instance: Buzzer_Clock:inst|7485:inst ;
+------------------------+-------------+-----------------------------------+
; Parameter Name         ; Value       ; Type                              ;
+------------------------+-------------+-----------------------------------+
; DEVICE_FAMILY          ; Cyclone III ; Untyped                           ;
; AUTO_CARRY_CHAINS      ; ON          ; AUTO_CARRY                        ;
; IGNORE_CARRY_BUFFERS   ; OFF         ; IGNORE_CARRY                      ;
; AUTO_CASCADE_CHAINS    ; ON          ; AUTO_CASCADE                      ;
; IGNORE_CASCADE_BUFFERS ; OFF         ; IGNORE_CASCADE                    ;
+------------------------+-------------+-----------------------------------+
Note: In order to hide this table in the UI and the text report file, please set the "Show Parameter Settings in Synthesis Report" option in "Analysis and Synthesis Settings -> More Settings" to "Off".


+---------------------------------------------------------------------------+
; Parameter Settings for User Entity Instance: Buzzer_Clock:inst|7485:inst3 ;
+------------------------+-------------+------------------------------------+
; Parameter Name         ; Value       ; Type                               ;
+------------------------+-------------+------------------------------------+
; DEVICE_FAMILY          ; Cyclone III ; Untyped                            ;
; AUTO_CARRY_CHAINS      ; ON          ; AUTO_CARRY                         ;
; IGNORE_CARRY_BUFFERS   ; OFF         ; IGNORE_CARRY                       ;
; AUTO_CASCADE_CHAINS    ; ON          ; AUTO_CASCADE                       ;
; IGNORE_CASCADE_BUFFERS ; OFF         ; IGNORE_CASCADE                     ;
+------------------------+-------------+------------------------------------+
Note: In order to hide this table in the UI and the text report file, please set the "Show Parameter Settings in Synthesis Report" option in "Analysis and Synthesis Settings -> More Settings" to "Off".


+---------------------------------------------------------------------------+
; Parameter Settings for User Entity Instance: Buzzer_Clock:inst|7485:inst2 ;
+------------------------+-------------+------------------------------------+
; Parameter Name         ; Value       ; Type                               ;
+------------------------+-------------+------------------------------------+
; DEVICE_FAMILY          ; Cyclone III ; Untyped                            ;
; AUTO_CARRY_CHAINS      ; ON          ; AUTO_CARRY                         ;
; IGNORE_CARRY_BUFFERS   ; OFF         ; IGNORE_CARRY                       ;
; AUTO_CASCADE_CHAINS    ; ON          ; AUTO_CASCADE                       ;
; IGNORE_CASCADE_BUFFERS ; OFF         ; IGNORE_CASCADE                     ;
+------------------------+-------------+------------------------------------+
Note: In order to hide this table in the UI and the text report file, please set the "Show Parameter Settings in Synthesis Report" option in "Analysis and Synthesis Settings -> More Settings" to "Off".


+---------------------------------------------------------------------------+
; Parameter Settings for User Entity Instance: Buzzer_Clock:inst|7485:inst4 ;
+------------------------+-------------+------------------------------------+
; Parameter Name         ; Value       ; Type                               ;
+------------------------+-------------+------------------------------------+
; DEVICE_FAMILY          ; Cyclone III ; Untyped                            ;
; AUTO_CARRY_CHAINS      ; ON          ; AUTO_CARRY                         ;
; IGNORE_CARRY_BUFFERS   ; OFF         ; IGNORE_CARRY                       ;
; AUTO_CASCADE_CHAINS    ; ON          ; AUTO_CASCADE                       ;
; IGNORE_CASCADE_BUFFERS ; OFF         ; IGNORE_CASCADE                     ;
+------------------------+-------------+------------------------------------+
Note: In order to hide this table in the UI and the text report file, please set the "Show Parameter Settings in Synthesis Report" option in "Analysis and Synthesis Settings -> More Settings" to "Off".


+---------------------------------------------------------------------------+
; Parameter Settings for User Entity Instance: Buzzer_Clock:inst|7485:inst5 ;
+------------------------+-------------+------------------------------------+
; Parameter Name         ; Value       ; Type                               ;
+------------------------+-------------+------------------------------------+
; DEVICE_FAMILY          ; Cyclone III ; Untyped                            ;
; AUTO_CARRY_CHAINS      ; ON          ; AUTO_CARRY                         ;
; IGNORE_CARRY_BUFFERS   ; OFF         ; IGNORE_CARRY                       ;
; AUTO_CASCADE_CHAINS    ; ON          ; AUTO_CASCADE                       ;
; IGNORE_CASCADE_BUFFERS ; OFF         ; IGNORE_CASCADE                     ;
+------------------------+-------------+------------------------------------+
Note: In order to hide this table in the UI and the text report file, please set the "Show Parameter Settings in Synthesis Report" option in "Analysis and Synthesis Settings -> More Settings" to "Off".


+---------------------------------------------------------------------------+
; Parameter Settings for User Entity Instance: Buzzer_Clock:inst|7485:inst6 ;
+------------------------+-------------+------------------------------------+
; Parameter Name         ; Value       ; Type                               ;
+------------------------+-------------+------------------------------------+
; DEVICE_FAMILY          ; Cyclone III ; Untyped                            ;
; AUTO_CARRY_CHAINS      ; ON          ; AUTO_CARRY                         ;
; IGNORE_CARRY_BUFFERS   ; OFF         ; IGNORE_CARRY                       ;
; AUTO_CASCADE_CHAINS    ; ON          ; AUTO_CASCADE                       ;
; IGNORE_CASCADE_BUFFERS ; OFF         ; IGNORE_CASCADE                     ;
+------------------------+-------------+------------------------------------+
Note: In order to hide this table in the UI and the text report file, please set the "Show Parameter Settings in Synthesis Report" option in "Analysis and Synthesis Settings -> More Settings" to "Off".


+-------------------------------+
; Elapsed Time Per Partition    ;
+----------------+--------------+
; Partition Name ; Elapsed Time ;
+----------------+--------------+
; Top            ; 00:00:00     ;
+----------------+--------------+


+-------------------------------+
; Analysis & Synthesis Messages ;
+-------------------------------+
Info: *******************************************************************
Info: Running Quartus II 64-Bit Analysis & Synthesis
    Info: Version 13.1.0 Build 162 10/23/2013 SJ Full Version
    Info: Processing started: Mon Jun 15 17:39:48 2020
Info: Command: quartus_map --read_settings_files=on --write_settings_files=off experiment_16 -c experiment_16
Info (11104): Parallel Compilation has detected 8 hyper-threaded processors. However, the extra hyper-threaded processors will not be used by default. Parallel Compilation will use 4 of the 4 physical processors detected instead.
Info (12021): Found 1 design units, including 1 entities, in source file rs_latch.bdf
    Info (12023): Found entity 1: RS_Latch
Info (12021): Found 1 design units, including 1 entities, in source file bit_selective_signal_generator.bdf
    Info (12023): Found entity 1: Bit_Selective_Signal_Generator
Info (12021): Found 1 design units, including 1 entities, in source file mux151_8_4.bdf
    Info (12023): Found entity 1: MUX151_8_4
Info (12021): Found 1 design units, including 1 entities, in source file count_second.bdf
    Info (12023): Found entity 1: Count_Second
Info (12021): Found 1 design units, including 1 entities, in source file count_minite.bdf
    Info (12023): Found entity 1: Count_Minite
Info (12021): Found 1 design units, including 1 entities, in source file count_hour.bdf
    Info (12023): Found entity 1: Count_Hour
Info (12021): Found 1 design units, including 1 entities, in source file timing_module.bdf
    Info (12023): Found entity 1: Timing_Module
Info (12021): Found 1 design units, including 1 entities, in source file timingmodule_second_minute.bdf
    Info (12023): Found entity 1: TimingModule_Second_Minute
Info (12021): Found 1 design units, including 1 entities, in source file timeingmodule_minute_hour.bdf
    Info (12023): Found entity 1: TimeingModule_Minute_Hour
Info (12021): Found 1 design units, including 1 entities, in source file digitalclock.bdf
    Info (12023): Found entity 1: DigitalClock
Info (12021): Found 1 design units, including 1 entities, in source file count24.bdf
    Info (12023): Found entity 1: Count24
Info (12021): Found 1 design units, including 1 entities, in source file scan_module.bdf
    Info (12023): Found entity 1: Scan_Module
Info (12021): Found 1 design units, including 1 entities, in source file buzzer_hour.bdf
    Info (12023): Found entity 1: Buzzer_Hour
Info (12021): Found 1 design units, including 1 entities, in source file buzzer_hour_simulation.bdf
    Info (12023): Found entity 1: Buzzer_Hour_Simulation
Info (12021): Found 1 design units, including 1 entities, in source file buzzer_clock.bdf
    Info (12023): Found entity 1: Buzzer_Clock
Info (12021): Found 1 design units, including 1 entities, in source file buzzer_clock_simulation.bdf
    Info (12023): Found entity 1: Buzzer_Clock_Simulation
Info (12127): Elaborating entity "Buzzer_Clock_Simulation" for the top level hierarchy
Info (12128): Elaborating entity "Buzzer_Clock" for hierarchy "Buzzer_Clock:inst"
Info (12128): Elaborating entity "7485" for hierarchy "Buzzer_Clock:inst|7485:inst"
Info (12130): Elaborated megafunction instantiation "Buzzer_Clock:inst|7485:inst"
Info (12128): Elaborating entity "f7485" for hierarchy "Buzzer_Clock:inst|7485:inst|f7485:sub"
Info (12131): Elaborated megafunction instantiation "Buzzer_Clock:inst|7485:inst|f7485:sub", which is child of megafunction instantiation "Buzzer_Clock:inst|7485:inst"
Info (12128): Elaborating entity "Timing_Module" for hierarchy "Timing_Module:inst1"
Info (12128): Elaborating entity "Count_Hour" for hierarchy "Timing_Module:inst1|Count_Hour:inst2"
Info (12128): Elaborating entity "74390" for hierarchy "Timing_Module:inst1|Count_Hour:inst2|74390:inst"
Info (12130): Elaborated megafunction instantiation "Timing_Module:inst1|Count_Hour:inst2|74390:inst"
Info (12128): Elaborating entity "RS_Latch" for hierarchy "Timing_Module:inst1|Count_Hour:inst2|RS_Latch:inst6"
Info (12128): Elaborating entity "Count_Minite" for hierarchy "Timing_Module:inst1|Count_Minite:inst3"
Info (12128): Elaborating entity "Count_Second" for hierarchy "Timing_Module:inst1|Count_Second:inst"
Info (13014): Ignored 6 buffer(s)
    Info (13017): Ignored 6 CASCADE buffer(s)
Info (286030): Timing-Driven Synthesis is running
Info (16010): Generating hard_block partition "hard_block:auto_generated_inst"
    Info (16011): Adding 0 node(s), including 0 DDIO, 0 PLL, 0 transceiver and 0 LCELL
Info (21057): Implemented 76 device resources after synthesis - the final resource count might be different
    Info (21058): Implemented 26 input pins
    Info (21059): Implemented 1 output pins
    Info (21061): Implemented 49 logic cells
Info: Quartus II 64-Bit Analysis & Synthesis was successful. 0 errors, 0 warnings
    Info: Peak virtual memory: 4655 megabytes
    Info: Processing ended: Mon Jun 15 17:39:51 2020
    Info: Elapsed time: 00:00:03
    Info: Total CPU time (on all processors): 00:00:03


