C51 COMPILER V9.56.0.0   MAIN                                                              11/11/2020 15:16:15 PAGE 1   


C51 COMPILER V9.56.0.0, COMPILATION OF MODULE MAIN
OBJECT MODULE PLACED IN .\Objects\main.obj
COMPILER INVOKED BY: C:\Keil_v5\C51\BIN\C51.EXE main.c OPTIMIZE(8,SPEED) BROWSE DEBUG OBJECTEXTEND PRINT(.\Listings\main
                    -.lst) TABS(2) OBJECT(.\Objects\main.obj)

line level    source

   1          #include <reg51.h>
   2          #include <intrins.h>
   3          
   4          typedef unsigned int uint;
   5          typedef unsigned char uchar;
   6          
   7          sbit K3 = P3^2;
   8          sbit K4 = P3^3;
   9          
  10          void delay1(uchar i)
  11          {
  12   1        while(i--); 
  13   1      }
  14          
  15          void Delay(uint i)
  16          {
  17   1        uint j;
  18   1        for(; i > 0; i--)
  19   1          for(j = 0; j < 125; j++);
  20   1      }
  21          
  22          void Int_Init()
  23          {
  24   1        EA = 1;
  25   1        EX0 = 1;
  26   1        EX1 = 1;
  27   1        IT0 = 1;
  28   1        IT1 = 1;
  29   1        PX0 = 0;
  30   1        PX1 = 1;
  31   1      }
  32          
  33          void main()
  34          {
  35   1        uint display[8] = {0xfe, 0xfd, 0xfb, 0xf7, 0xef, 0xdf, 0xbf, 0x7f};
  36   1        uchar a;
  37   1        Int_Init();
  38   1        for(;;)
  39   1        {
  40   2          for(a = 0; a < 8; a++)
  41   2          {
  42   3            Delay(100);
  43   3            P2 = display[a];
  44   3          }
  45   2        }
  46   1      }
  47          
  48          void int0_isr(void) interrupt 0
  49          {
  50   1        for(;;)
  51   1        {
  52   2          P2 = 0x0f;
  53   2          Delay(400);
  54   2          P2 = 0xf0;
C51 COMPILER V9.56.0.0   MAIN                                                              11/11/2020 15:16:15 PAGE 2   

  55   2          Delay(400);
  56   2        }
  57   1      }
  58          
  59          void int1_isr(void) interrupt 2
  60          {
  61   1        uchar m;
  62   1        for(m = 0; m < 5; m++)
  63   1        {
  64   2          P2 = 0;
  65   2          Delay(500);
  66   2          P2 = 0xff;
  67   2          Delay(500);
  68   2        }
  69   1      }


MODULE INFORMATION:   STATIC OVERLAYABLE
   CODE SIZE        =    195    ----
   CONSTANT SIZE    =     16    ----
   XDATA SIZE       =   ----    ----
   PDATA SIZE       =   ----    ----
   DATA SIZE        =   ----      16
   IDATA SIZE       =   ----    ----
   BIT SIZE         =   ----    ----
END OF MODULE INFORMATION.


C51 COMPILATION COMPLETE.  0 WARNING(S),  0 ERROR(S)
