C51 COMPILER V9.60.0.0   MAIN                                                              12/16/2020 16:53:54 PAGE 1   


C51 COMPILER V9.60.0.0, COMPILATION OF MODULE MAIN
OBJECT MODULE PLACED IN .\Objects\main.obj
COMPILER INVOKED BY: C:\Keil_v5\C51\BIN\C51.EXE main.c OPTIMIZE(8,SPEED) BROWSE DEBUG OBJECTEXTEND PRINT(.\Listings\main
                    -.lst) TABS(2) OBJECT(.\Objects\main.obj)

line level    source

   1          #include <reg51.h>
   2          #include <string.h>
   3          
   4          typedef unsigned int uint;
   5          typedef unsigned char uchar;
   6          
   7          uchar temp;
   8          uchar tempstr[8];
   9          uchar c = 0;
  10          
  11          void delay(uint c)
  12          {
  13   1        while(c-- > 0);
  14   1      }
  15          
  16          uint compare(uchar str1[8], uchar str2[8])
  17          {
  18   1        uchar j;
  19   1        for(j = 0; j < 8; j++)
  20   1        {
  21   2          if (str1[j] != str2[j])
  22   2          {
  23   3            return 0;
  24   3          }
  25   2        }
  26   1        return 1;
  27   1      }
  28          
  29          void main()
  30          {
  31   1        TMOD = 0x20;
  32   1        TH1 = 0xf3;
  33   1        TH1 = 0xf3;
  34   1        SCON = 0x50;
  35   1        PCON = 0x80;
  36   1        
  37   1        P2 = 0xff;
  38   1        
  39   1        EA = 1;
  40   1        ES = 1;
  41   1        TR1 = 1;
  42   1      
  43   1        while(1);
  44   1      }
  45          
  46          void timer1_int() interrupt 4
  47          {
  48   1        uchar i, flag = 0;
  49   1        
  50   1        temp = SBUF;
  51   1        RI = 0;
  52   1        
  53   1        switch(temp)
  54   1        {
C51 COMPILER V9.60.0.0   MAIN                                                              12/16/2020 16:53:54 PAGE 2   

  55   2          case '0':P2 = 0xfe;break;
  56   2          case '1':P2 = 0xfd;break;
  57   2          case '2':P2 = 0xfb;break;
  58   2          case '3':P2 = 0xf7;break;
  59   2          case '4':P2 = 0xef;break;
  60   2          case '5':P2 = 0xdf;break;
  61   2          case '6':P2 = 0xbf;break;  
  62   2          case '7':P2 = 0x7f;break;
  63   2        }
  64   1        tempstr[c] = temp;
  65   1        c++;
  66   1        
  67   1        if (compare("01234567", tempstr))
  68   1        {
  69   2          for(i = 0; i < 10; i++)
  70   2          {
  71   3            P2 = 0x0;
  72   3            delay(30000);
  73   3            P2 = 0xff;
  74   3            delay(30000);
  75   3            
  76   3          }
  77   2          c = 0;
  78   2          for(i = 0; i< 8; i++)
  79   2          {
  80   3            tempstr[i] = '\0';
  81   3          }
  82   2        }
  83   1        
  84   1        SBUF = temp;
  85   1        while(!TI);
  86   1        TI = 0;            
  87   1      }


MODULE INFORMATION:   STATIC OVERLAYABLE
   CODE SIZE        =    351    ----
   CONSTANT SIZE    =      9    ----
   XDATA SIZE       =   ----    ----
   PDATA SIZE       =   ----    ----
   DATA SIZE        =     10       7
   IDATA SIZE       =   ----    ----
   BIT SIZE         =   ----    ----
END OF MODULE INFORMATION.


C51 COMPILATION COMPLETE.  0 WARNING(S),  0 ERROR(S)
