C51 COMPILER V9.56.0.0   MAIN                                                              09/30/2020 15:33:18 PAGE 1   


C51 COMPILER V9.56.0.0, COMPILATION OF MODULE MAIN
OBJECT MODULE PLACED IN .\Objects\main.obj
COMPILER INVOKED BY: C:\Keil_v5\C51\BIN\C51.EXE main.c OPTIMIZE(8,SPEED) BROWSE DEBUG OBJECTEXTEND PRINT(.\Listings\main
                    -.lst) TABS(2) OBJECT(.\Objects\main.obj)

line level    source

   1          #include <reg51.h>
   2          #include <intrins.h>
   3          
   4          #define LED P2
   5          
   6          typedef unsigned char uchar;
   7          typedef unsigned int uint;
   8          
   9          
  10          void delay()
  11          {
  12   1        uint i, j;
  13   1        i = 5000;
  14   1        j = 5000;
  15   1        while(i > 0)
  16   1        {
  17   2          while(j > 0)
  18   2            j--;
  19   2          i--;
  20   2        }
  21   1      }
  22          
  23          void main()
  24          {
  25   1        uint i;
  26   1        LED = 0x7f;
  27   1        delay();
  28   1        while(1)
  29   1        {
  30   2          for(i = 0;i < 7; i++)
  31   2          {
  32   3            LED = _cror_(LED, 1);
  33   3            delay();
  34   3          }
  35   2          for(i = 0;i < 7; i++)
  36   2          {
  37   3            LED = _crol_(LED, 1);
  38   3            delay();
  39   3          }
  40   2        }
  41   1      }


MODULE INFORMATION:   STATIC OVERLAYABLE
   CODE SIZE        =    105    ----
   CONSTANT SIZE    =   ----    ----
   XDATA SIZE       =   ----    ----
   PDATA SIZE       =   ----    ----
   DATA SIZE        =   ----    ----
   IDATA SIZE       =   ----    ----
   BIT SIZE         =   ----    ----
END OF MODULE INFORMATION.


C51 COMPILATION COMPLETE.  0 WARNING(S),  0 ERROR(S)
