C51 COMPILER V9.56.0.0   MAIN                                                              09/16/2020 17:26:33 PAGE 1   


C51 COMPILER V9.56.0.0, COMPILATION OF MODULE MAIN
OBJECT MODULE PLACED IN .\Objects\main.obj
COMPILER INVOKED BY: C:\Keil_v5\C51\BIN\C51.EXE D:\main.c OPTIMIZE(8,SPEED) BROWSE DEBUG OBJECTEXTEND PRINT(.\Listings\m
                    -ain.lst) TABS(2) OBJECT(.\Objects\main.obj)

line level    source

   1          #include <reg51.h>
   2          #include <intrins.h>
   3          
   4          typedef unsigned int uint;
   5          typedef unsigned char uchar;
   6          
   7          #define LED P1
   8          
   9          void delay(uint ms)
  10            // Input Variable: ms
  11          {
  12   1        uint i;
  13   1        while(ms--)
  14   1          for(i = 125; i>0; i--);
  15   1      }
  16          
  17          void main()
  18          {
  19   1        LED = 0xfe;
  20   1        while(1)
  21   1        {
  22   2          LED = _crol_(LED,1); 
  23   2          delay(100); // Delay 0.5s
  24   2        }
  25   1      }


MODULE INFORMATION:   STATIC OVERLAYABLE
   CODE SIZE        =     56    ----
   CONSTANT SIZE    =   ----    ----
   XDATA SIZE       =   ----    ----
   PDATA SIZE       =   ----    ----
   DATA SIZE        =   ----    ----
   IDATA SIZE       =   ----    ----
   BIT SIZE         =   ----    ----
END OF MODULE INFORMATION.


C51 COMPILATION COMPLETE.  0 WARNING(S),  0 ERROR(S)
